Analysis & Synthesis report for relogio
Thu Sep 20 15:46:50 2018
Quartus Prime Version 16.0.0 Build 211 04/27/2016 SJ Lite Edition


---------------------
; Table of Contents ;
---------------------
  1. Legal Notice
  2. Analysis & Synthesis Summary
  3. Analysis & Synthesis Settings
  4. Parallel Compilation
  5. Analysis & Synthesis Source Files Read
  6. Analysis & Synthesis Resource Usage Summary
  7. Analysis & Synthesis Resource Utilization by Entity
  8. General Register Statistics
  9. Parameter Settings for User Entity Instance: fluxoDados:FD|registradorGenerico:regDH
 10. Parameter Settings for User Entity Instance: fluxoDados:FD|registradorGenerico:regUH
 11. Parameter Settings for User Entity Instance: fluxoDados:FD|registradorGenerico:regDM
 12. Parameter Settings for User Entity Instance: fluxoDados:FD|registradorGenerico:regUM
 13. Parameter Settings for User Entity Instance: fluxoDados:FD|registradorGenerico:regDS
 14. Parameter Settings for User Entity Instance: fluxoDados:FD|registradorGenerico:regUS
 15. Port Connectivity Checks: "fluxoDados:FD|ULA:ULA"
 16. Port Connectivity Checks: "fluxoDados:FD|mux_5_to_1:mux_5"
 17. Port Connectivity Checks: "fluxoDados:FD"
 18. Post-Synthesis Netlist Statistics for Top Partition
 19. Elapsed Time Per Partition
 20. Analysis & Synthesis Messages



----------------
; Legal Notice ;
----------------
Copyright (C) 1991-2016 Altera Corporation. All rights reserved.
Your use of Altera Corporation's design tools, logic functions 
and other software and tools, and its AMPP partner logic 
functions, and any output files from any of the foregoing 
(including device programming or simulation files), and any 
associated documentation or information are expressly subject 
to the terms and conditions of the Altera Program License 
Subscription Agreement, the Altera Quartus Prime License Agreement,
the Altera MegaCore Function License Agreement, or other 
applicable license agreement, including, without limitation, 
that your use is for the sole purpose of programming logic 
devices manufactured by Altera and sold by Altera or its 
authorized distributors.  Please refer to the applicable 
agreement for further details.



+----------------------------------------------------------------------------------+
; Analysis & Synthesis Summary                                                     ;
+------------------------------------+---------------------------------------------+
; Analysis & Synthesis Status        ; Successful - Thu Sep 20 15:46:49 2018       ;
; Quartus Prime Version              ; 16.0.0 Build 211 04/27/2016 SJ Lite Edition ;
; Revision Name                      ; relogio                                     ;
; Top-level Entity Name              ; relogio                                     ;
; Family                             ; Cyclone IV E                                ;
; Total logic elements               ; 0                                           ;
;     Total combinational functions  ; 0                                           ;
;     Dedicated logic registers      ; 0                                           ;
; Total registers                    ; 0                                           ;
; Total pins                         ; 106                                         ;
; Total virtual pins                 ; 0                                           ;
; Total memory bits                  ; 0                                           ;
; Embedded Multiplier 9-bit elements ; 0                                           ;
; Total PLLs                         ; 0                                           ;
+------------------------------------+---------------------------------------------+


+----------------------------------------------------------------------------------------------------------------------+
; Analysis & Synthesis Settings                                                                                        ;
+----------------------------------------------------------------------------+--------------------+--------------------+
; Option                                                                     ; Setting            ; Default Value      ;
+----------------------------------------------------------------------------+--------------------+--------------------+
; Device                                                                     ; EP4CE115F29C7      ;                    ;
; Top-level entity name                                                      ; relogio            ; relogio            ;
; Family name                                                                ; Cyclone IV E       ; Cyclone V          ;
; VHDL Show LMF Mapping Messages                                             ; Off                ;                    ;
; VHDL Version                                                               ; VHDL_2008          ; VHDL_1993          ;
; Use smart compilation                                                      ; Off                ; Off                ;
; Enable parallel Assembler and TimeQuest Timing Analyzer during compilation ; On                 ; On                 ;
; Enable compact report table                                                ; Off                ; Off                ;
; Restructure Multiplexers                                                   ; Auto               ; Auto               ;
; Create Debugging Nodes for IP Cores                                        ; Off                ; Off                ;
; Preserve fewer node names                                                  ; On                 ; On                 ;
; Disable OpenCore Plus hardware evaluation                                  ; Off                ; Off                ;
; Verilog Version                                                            ; Verilog_2001       ; Verilog_2001       ;
; State Machine Processing                                                   ; Auto               ; Auto               ;
; Safe State Machine                                                         ; Off                ; Off                ;
; Extract Verilog State Machines                                             ; On                 ; On                 ;
; Extract VHDL State Machines                                                ; On                 ; On                 ;
; Ignore Verilog initial constructs                                          ; Off                ; Off                ;
; Iteration limit for constant Verilog loops                                 ; 5000               ; 5000               ;
; Iteration limit for non-constant Verilog loops                             ; 250                ; 250                ;
; Add Pass-Through Logic to Inferred RAMs                                    ; On                 ; On                 ;
; Infer RAMs from Raw Logic                                                  ; On                 ; On                 ;
; Parallel Synthesis                                                         ; On                 ; On                 ;
; DSP Block Balancing                                                        ; Auto               ; Auto               ;
; NOT Gate Push-Back                                                         ; On                 ; On                 ;
; Power-Up Don't Care                                                        ; On                 ; On                 ;
; Remove Redundant Logic Cells                                               ; Off                ; Off                ;
; Remove Duplicate Registers                                                 ; On                 ; On                 ;
; Ignore CARRY Buffers                                                       ; Off                ; Off                ;
; Ignore CASCADE Buffers                                                     ; Off                ; Off                ;
; Ignore GLOBAL Buffers                                                      ; Off                ; Off                ;
; Ignore ROW GLOBAL Buffers                                                  ; Off                ; Off                ;
; Ignore LCELL Buffers                                                       ; Off                ; Off                ;
; Ignore SOFT Buffers                                                        ; On                 ; On                 ;
; Limit AHDL Integers to 32 Bits                                             ; Off                ; Off                ;
; Optimization Technique                                                     ; Balanced           ; Balanced           ;
; Carry Chain Length                                                         ; 70                 ; 70                 ;
; Auto Carry Chains                                                          ; On                 ; On                 ;
; Auto Open-Drain Pins                                                       ; On                 ; On                 ;
; Perform WYSIWYG Primitive Resynthesis                                      ; Off                ; Off                ;
; Auto ROM Replacement                                                       ; On                 ; On                 ;
; Auto RAM Replacement                                                       ; On                 ; On                 ;
; Auto DSP Block Replacement                                                 ; On                 ; On                 ;
; Auto Shift Register Replacement                                            ; Auto               ; Auto               ;
; Allow Shift Register Merging across Hierarchies                            ; Auto               ; Auto               ;
; Auto Clock Enable Replacement                                              ; On                 ; On                 ;
; Strict RAM Replacement                                                     ; Off                ; Off                ;
; Allow Synchronous Control Signals                                          ; On                 ; On                 ;
; Force Use of Synchronous Clear Signals                                     ; Off                ; Off                ;
; Auto RAM Block Balancing                                                   ; On                 ; On                 ;
; Auto RAM to Logic Cell Conversion                                          ; Off                ; Off                ;
; Auto Resource Sharing                                                      ; Off                ; Off                ;
; Allow Any RAM Size For Recognition                                         ; Off                ; Off                ;
; Allow Any ROM Size For Recognition                                         ; Off                ; Off                ;
; Allow Any Shift Register Size For Recognition                              ; Off                ; Off                ;
; Use LogicLock Constraints during Resource Balancing                        ; On                 ; On                 ;
; Ignore translate_off and synthesis_off directives                          ; Off                ; Off                ;
; Timing-Driven Synthesis                                                    ; On                 ; On                 ;
; Report Parameter Settings                                                  ; On                 ; On                 ;
; Report Source Assignments                                                  ; On                 ; On                 ;
; Report Connectivity Checks                                                 ; On                 ; On                 ;
; Ignore Maximum Fan-Out Assignments                                         ; Off                ; Off                ;
; Synchronization Register Chain Length                                      ; 2                  ; 2                  ;
; PowerPlay Power Optimization During Synthesis                              ; Normal compilation ; Normal compilation ;
; HDL message level                                                          ; Level2             ; Level2             ;
; Suppress Register Optimization Related Messages                            ; Off                ; Off                ;
; Number of Removed Registers Reported in Synthesis Report                   ; 5000               ; 5000               ;
; Number of Swept Nodes Reported in Synthesis Report                         ; 5000               ; 5000               ;
; Number of Inverted Registers Reported in Synthesis Report                  ; 100                ; 100                ;
; Clock MUX Protection                                                       ; On                 ; On                 ;
; Auto Gated Clock Conversion                                                ; Off                ; Off                ;
; Block Design Naming                                                        ; Auto               ; Auto               ;
; SDC constraint protection                                                  ; Off                ; Off                ;
; Synthesis Effort                                                           ; Auto               ; Auto               ;
; Shift Register Replacement - Allow Asynchronous Clear Signal               ; On                 ; On                 ;
; Pre-Mapping Resynthesis Optimization                                       ; Off                ; Off                ;
; Analysis & Synthesis Message Level                                         ; Medium             ; Medium             ;
; Disable Register Merging Across Hierarchies                                ; Auto               ; Auto               ;
; Resource Aware Inference For Block RAM                                     ; On                 ; On                 ;
; Synthesis Seed                                                             ; 1                  ; 1                  ;
+----------------------------------------------------------------------------+--------------------+--------------------+


Parallel compilation was disabled, but you have multiple processors available. Enable parallel compilation to reduce compilation time.
+-------------------------------------+
; Parallel Compilation                ;
+----------------------------+--------+
; Processors                 ; Number ;
+----------------------------+--------+
; Number detected on machine ; 4      ;
; Maximum allowed            ; 1      ;
+----------------------------+--------+


+-------------------------------------------------------------------------------------------------------------------------------------------+
; Analysis & Synthesis Source Files Read                                                                                                    ;
+----------------------------------+-----------------+-----------------+----------------------------------------------------------+---------+
; File Name with User-Entered Path ; Used in Netlist ; File Type       ; File Name with Absolute Path                             ; Library ;
+----------------------------------+-----------------+-----------------+----------------------------------------------------------+---------+
; relogio.vhd                      ; yes             ; User VHDL File  ; /home/raphacosta/Desktop/relogio/relogio.vhd             ;         ;
; mux_6_to_1.vhd                   ; yes             ; User VHDL File  ; /home/raphacosta/Desktop/relogio/mux_6_to_1.vhd          ;         ;
; fluxoDados.vhd                   ; yes             ; User VHDL File  ; /home/raphacosta/Desktop/relogio/fluxoDados.vhd          ;         ;
; ULA.vhd                          ; yes             ; User VHDL File  ; /home/raphacosta/Desktop/relogio/ULA.vhd                 ;         ;
; registradorGenerico.vhd          ; yes             ; User VHDL File  ; /home/raphacosta/Desktop/relogio/registradorGenerico.vhd ;         ;
; mux_5_to_1.vhd                   ; yes             ; User VHDL File  ; /home/raphacosta/Desktop/relogio/mux_5_to_1.vhd          ;         ;
; mux_2.vhd                        ; yes             ; User VHDL File  ; /home/raphacosta/Desktop/relogio/mux_2.vhd               ;         ;
+----------------------------------+-----------------+-----------------+----------------------------------------------------------+---------+


+--------------------------------------------------------+
; Analysis & Synthesis Resource Usage Summary            ;
+---------------------------------------------+----------+
; Resource                                    ; Usage    ;
+---------------------------------------------+----------+
;                                             ;          ;
; Total combinational functions               ; 0        ;
; Logic element usage by number of LUT inputs ;          ;
;     -- 4 input functions                    ; 0        ;
;     -- 3 input functions                    ; 0        ;
;     -- <=2 input functions                  ; 0        ;
;                                             ;          ;
; Logic elements by mode                      ;          ;
;     -- normal mode                          ; 0        ;
;     -- arithmetic mode                      ; 0        ;
;                                             ;          ;
; Total registers                             ; 0        ;
;     -- Dedicated logic registers            ; 0        ;
;     -- I/O registers                        ; 0        ;
;                                             ;          ;
; I/O pins                                    ; 106      ;
;                                             ;          ;
; Embedded Multiplier 9-bit elements          ; 0        ;
;                                             ;          ;
; Maximum fan-out node                        ; CLOCK_50 ;
; Maximum fan-out                             ; 1        ;
; Total fan-out                               ; 106      ;
; Average fan-out                             ; 0.50     ;
+---------------------------------------------+----------+


+-------------------------------------------------------------------------------------------------------------------------------------------------------------------------------------------+
; Analysis & Synthesis Resource Utilization by Entity                                                                                                                                       ;
+----------------------------+-------------------+--------------+-------------+--------------+---------+-----------+------+--------------+---------------------+-------------+--------------+
; Compilation Hierarchy Node ; LC Combinationals ; LC Registers ; Memory Bits ; DSP Elements ; DSP 9x9 ; DSP 18x18 ; Pins ; Virtual Pins ; Full Hierarchy Name ; Entity Name ; Library Name ;
+----------------------------+-------------------+--------------+-------------+--------------+---------+-----------+------+--------------+---------------------+-------------+--------------+
; |relogio                   ; 0 (0)             ; 0 (0)        ; 0           ; 0            ; 0       ; 0         ; 106  ; 0            ; |relogio            ; relogio     ; work         ;
+----------------------------+-------------------+--------------+-------------+--------------+---------+-----------+------+--------------+---------------------+-------------+--------------+
Note: For table entries with two numbers listed, the numbers in parentheses indicate the number of resources of the given type used by the specific entity alone. The numbers listed outside of parentheses indicate the total resources of the given type used by the specific entity and all of its sub-entities in the hierarchy.


+------------------------------------------------------+
; General Register Statistics                          ;
+----------------------------------------------+-------+
; Statistic                                    ; Value ;
+----------------------------------------------+-------+
; Total registers                              ; 0     ;
; Number of registers using Synchronous Clear  ; 0     ;
; Number of registers using Synchronous Load   ; 0     ;
; Number of registers using Asynchronous Clear ; 0     ;
; Number of registers using Asynchronous Load  ; 0     ;
; Number of registers using Clock Enable       ; 0     ;
; Number of registers using Preset             ; 0     ;
+----------------------------------------------+-------+


+--------------------------------------------------------------------------------------+
; Parameter Settings for User Entity Instance: fluxoDados:FD|registradorGenerico:regDH ;
+----------------+-------+-------------------------------------------------------------+
; Parameter Name ; Value ; Type                                                        ;
+----------------+-------+-------------------------------------------------------------+
; larguradados   ; 4     ; Signed Integer                                              ;
+----------------+-------+-------------------------------------------------------------+
Note: In order to hide this table in the UI and the text report file, please set the "Show Parameter Settings in Synthesis Report" option in "Analysis and Synthesis Settings -> More Settings" to "Off".


+--------------------------------------------------------------------------------------+
; Parameter Settings for User Entity Instance: fluxoDados:FD|registradorGenerico:regUH ;
+----------------+-------+-------------------------------------------------------------+
; Parameter Name ; Value ; Type                                                        ;
+----------------+-------+-------------------------------------------------------------+
; larguradados   ; 4     ; Signed Integer                                              ;
+----------------+-------+-------------------------------------------------------------+
Note: In order to hide this table in the UI and the text report file, please set the "Show Parameter Settings in Synthesis Report" option in "Analysis and Synthesis Settings -> More Settings" to "Off".


+--------------------------------------------------------------------------------------+
; Parameter Settings for User Entity Instance: fluxoDados:FD|registradorGenerico:regDM ;
+----------------+-------+-------------------------------------------------------------+
; Parameter Name ; Value ; Type                                                        ;
+----------------+-------+-------------------------------------------------------------+
; larguradados   ; 4     ; Signed Integer                                              ;
+----------------+-------+-------------------------------------------------------------+
Note: In order to hide this table in the UI and the text report file, please set the "Show Parameter Settings in Synthesis Report" option in "Analysis and Synthesis Settings -> More Settings" to "Off".


+--------------------------------------------------------------------------------------+
; Parameter Settings for User Entity Instance: fluxoDados:FD|registradorGenerico:regUM ;
+----------------+-------+-------------------------------------------------------------+
; Parameter Name ; Value ; Type                                                        ;
+----------------+-------+-------------------------------------------------------------+
; larguradados   ; 4     ; Signed Integer                                              ;
+----------------+-------+-------------------------------------------------------------+
Note: In order to hide this table in the UI and the text report file, please set the "Show Parameter Settings in Synthesis Report" option in "Analysis and Synthesis Settings -> More Settings" to "Off".


+--------------------------------------------------------------------------------------+
; Parameter Settings for User Entity Instance: fluxoDados:FD|registradorGenerico:regDS ;
+----------------+-------+-------------------------------------------------------------+
; Parameter Name ; Value ; Type                                                        ;
+----------------+-------+-------------------------------------------------------------+
; larguradados   ; 4     ; Signed Integer                                              ;
+----------------+-------+-------------------------------------------------------------+
Note: In order to hide this table in the UI and the text report file, please set the "Show Parameter Settings in Synthesis Report" option in "Analysis and Synthesis Settings -> More Settings" to "Off".


+--------------------------------------------------------------------------------------+
; Parameter Settings for User Entity Instance: fluxoDados:FD|registradorGenerico:regUS ;
+----------------+-------+-------------------------------------------------------------+
; Parameter Name ; Value ; Type                                                        ;
+----------------+-------+-------------------------------------------------------------+
; larguradados   ; 4     ; Signed Integer                                              ;
+----------------+-------+-------------------------------------------------------------+
Note: In order to hide this table in the UI and the text report file, please set the "Show Parameter Settings in Synthesis Report" option in "Analysis and Synthesis Settings -> More Settings" to "Off".


+--------------------------------------------------------------------------------------------------------------------+
; Port Connectivity Checks: "fluxoDados:FD|ULA:ULA"                                                                  ;
+----------+--------+----------+-------------------------------------------------------------------------------------+
; Port     ; Type   ; Severity ; Details                                                                             ;
+----------+--------+----------+-------------------------------------------------------------------------------------+
; overflow ; Output ; Info     ; Connected to dangling logic. Logic that only feeds a dangling port will be removed. ;
+----------+--------+----------+-------------------------------------------------------------------------------------+


+------------------------------------------------------------+
; Port Connectivity Checks: "fluxoDados:FD|mux_5_to_1:mux_5" ;
+---------+-------+----------+-------------------------------+
; Port    ; Type  ; Severity ; Details                       ;
+---------+-------+----------+-------------------------------+
; a[3..1] ; Input ; Info     ; Stuck at GND                  ;
; a[0]    ; Input ; Info     ; Stuck at VCC                  ;
; b[3..2] ; Input ; Info     ; Stuck at GND                  ;
; b[1]    ; Input ; Info     ; Stuck at VCC                  ;
; b[0]    ; Input ; Info     ; Stuck at GND                  ;
; c[1..0] ; Input ; Info     ; Stuck at GND                  ;
; c[3]    ; Input ; Info     ; Stuck at GND                  ;
; c[2]    ; Input ; Info     ; Stuck at VCC                  ;
; d[2..1] ; Input ; Info     ; Stuck at VCC                  ;
; d[3]    ; Input ; Info     ; Stuck at GND                  ;
; d[0]    ; Input ; Info     ; Stuck at GND                  ;
; e[3]    ; Input ; Info     ; Stuck at VCC                  ;
; e[2]    ; Input ; Info     ; Stuck at GND                  ;
; e[1]    ; Input ; Info     ; Stuck at VCC                  ;
; e[0]    ; Input ; Info     ; Stuck at GND                  ;
+---------+-------+----------+-------------------------------+


+---------------------------------------------------------------------------------------------------------------------+
; Port Connectivity Checks: "fluxoDados:FD"                                                                           ;
+-----------+--------+----------+-------------------------------------------------------------------------------------+
; Port      ; Type   ; Severity ; Details                                                                             ;
+-----------+--------+----------+-------------------------------------------------------------------------------------+
; mux_sel_6 ; Input  ; Info     ; Stuck at GND                                                                        ;
; mux_sel_5 ; Input  ; Info     ; Stuck at GND                                                                        ;
; funcaoula ; Input  ; Info     ; Stuck at GND                                                                        ;
; is_ajusta ; Input  ; Info     ; Stuck at GND                                                                        ;
; rst       ; Input  ; Info     ; Stuck at GND                                                                        ;
; endh      ; Input  ; Info     ; Stuck at GND                                                                        ;
; enuh      ; Input  ; Info     ; Stuck at GND                                                                        ;
; endm      ; Input  ; Info     ; Stuck at GND                                                                        ;
; enum      ; Input  ; Info     ; Stuck at GND                                                                        ;
; ends      ; Input  ; Info     ; Stuck at GND                                                                        ;
; enus      ; Input  ; Info     ; Stuck at GND                                                                        ;
; z         ; Output ; Info     ; Connected to dangling logic. Logic that only feeds a dangling port will be removed. ;
; dh_out    ; Output ; Info     ; Connected to dangling logic. Logic that only feeds a dangling port will be removed. ;
; uh_out    ; Output ; Info     ; Connected to dangling logic. Logic that only feeds a dangling port will be removed. ;
; dm_out    ; Output ; Info     ; Connected to dangling logic. Logic that only feeds a dangling port will be removed. ;
; um_out    ; Output ; Info     ; Connected to dangling logic. Logic that only feeds a dangling port will be removed. ;
; ds_out    ; Output ; Info     ; Connected to dangling logic. Logic that only feeds a dangling port will be removed. ;
; us_out    ; Output ; Info     ; Connected to dangling logic. Logic that only feeds a dangling port will be removed. ;
; overflow  ; Output ; Info     ; Connected to dangling logic. Logic that only feeds a dangling port will be removed. ;
+-----------+--------+----------+-------------------------------------------------------------------------------------+


+-----------------------------------------------------+
; Post-Synthesis Netlist Statistics for Top Partition ;
+-----------------------+-----------------------------+
; Type                  ; Count                       ;
+-----------------------+-----------------------------+
; boundary_port         ; 106                         ;
; cycloneiii_lcell_comb ; 1                           ;
;     normal            ; 1                           ;
;         0 data inputs ; 1                           ;
;                       ;                             ;
; Max LUT depth         ; 0.00                        ;
; Average LUT depth     ; 0.00                        ;
+-----------------------+-----------------------------+


+-------------------------------+
; Elapsed Time Per Partition    ;
+----------------+--------------+
; Partition Name ; Elapsed Time ;
+----------------+--------------+
; Top            ; 00:00:00     ;
+----------------+--------------+


+-------------------------------+
; Analysis & Synthesis Messages ;
+-------------------------------+
Info: *******************************************************************
Info: Running Quartus Prime Analysis & Synthesis
    Info: Version 16.0.0 Build 211 04/27/2016 SJ Lite Edition
    Info: Processing started: Thu Sep 20 15:46:39 2018
Info: Command: quartus_map --read_settings_files=on --write_settings_files=off relogio -c relogio
Warning (20028): Parallel compilation is not licensed and has been disabled
Info (12021): Found 2 design units, including 1 entities, in source file relogio.vhd
    Info (12022): Found design unit 1: relogio-comportamento File: /home/raphacosta/Desktop/relogio/relogio.vhd Line: 20
    Info (12023): Found entity 1: relogio File: /home/raphacosta/Desktop/relogio/relogio.vhd Line: 5
Info (12021): Found 2 design units, including 1 entities, in source file mux_6_to_1.vhd
    Info (12022): Found design unit 1: mux_6_to_1-rtl File: /home/raphacosta/Desktop/relogio/mux_6_to_1.vhd Line: 28
    Info (12023): Found entity 1: mux_6_to_1 File: /home/raphacosta/Desktop/relogio/mux_6_to_1.vhd Line: 8
Info (12021): Found 2 design units, including 1 entities, in source file fluxoDados.vhd
    Info (12022): Found design unit 1: fluxoDados-simples File: /home/raphacosta/Desktop/relogio/fluxoDados.vhd Line: 26
    Info (12023): Found entity 1: fluxoDados File: /home/raphacosta/Desktop/relogio/fluxoDados.vhd Line: 5
Info (12021): Found 2 design units, including 1 entities, in source file ULA.vhd
    Info (12022): Found design unit 1: ULA-comportamento File: /home/raphacosta/Desktop/relogio/ULA.vhd Line: 14
    Info (12023): Found entity 1: ULA File: /home/raphacosta/Desktop/relogio/ULA.vhd Line: 5
Info (12021): Found 2 design units, including 1 entities, in source file registradorGenerico.vhd
    Info (12022): Found design unit 1: registradorGenerico-comportamento File: /home/raphacosta/Desktop/relogio/registradorGenerico.vhd Line: 14
    Info (12023): Found entity 1: registradorGenerico File: /home/raphacosta/Desktop/relogio/registradorGenerico.vhd Line: 4
Info (12021): Found 3 design units, including 1 entities, in source file divisorGenerico.vhd
    Info (12022): Found design unit 1: divisorGenerico-divisaoPor2 File: /home/raphacosta/Desktop/relogio/divisorGenerico.vhd Line: 14
    Info (12022): Found design unit 2: divisorGenerico-divisaoGenerica File: /home/raphacosta/Desktop/relogio/divisorGenerico.vhd Line: 27
    Info (12023): Found entity 1: divisorGenerico File: /home/raphacosta/Desktop/relogio/divisorGenerico.vhd Line: 5
Info (12021): Found 2 design units, including 1 entities, in source file conversorHex7Seg.vhd
    Info (12022): Found design unit 1: conversorHex7Seg-comportamento File: /home/raphacosta/Desktop/relogio/conversorHex7Seg.vhd Line: 17
    Info (12023): Found entity 1: conversorHex7Seg File: /home/raphacosta/Desktop/relogio/conversorHex7Seg.vhd Line: 4
Info (12021): Found 2 design units, including 1 entities, in source file mux_5_to_1.vhd
    Info (12022): Found design unit 1: mux_5_to_1-rtl File: /home/raphacosta/Desktop/relogio/mux_5_to_1.vhd Line: 30
    Info (12023): Found entity 1: mux_5_to_1 File: /home/raphacosta/Desktop/relogio/mux_5_to_1.vhd Line: 11
Info (12021): Found 2 design units, including 1 entities, in source file mux_2.vhd
    Info (12022): Found design unit 1: mux_2-rtl File: /home/raphacosta/Desktop/relogio/mux_2.vhd Line: 27
    Info (12023): Found entity 1: mux_2 File: /home/raphacosta/Desktop/relogio/mux_2.vhd Line: 11
Info (12127): Elaborating entity "relogio" for the top level hierarchy
Warning (10540): VHDL Signal Declaration warning at relogio.vhd(13): used explicit default value for signal "LEDR" because signal was never assigned a value File: /home/raphacosta/Desktop/relogio/relogio.vhd Line: 13
Warning (10540): VHDL Signal Declaration warning at relogio.vhd(14): used explicit default value for signal "LEDG" because signal was never assigned a value File: /home/raphacosta/Desktop/relogio/relogio.vhd Line: 14
Warning (10541): VHDL Signal Declaration warning at relogio.vhd(15): used implicit default value for signal "HEX0" because signal was never assigned a value or an explicit default value. Use of implicit default value may introduce unintended design optimizations. File: /home/raphacosta/Desktop/relogio/relogio.vhd Line: 15
Warning (10541): VHDL Signal Declaration warning at relogio.vhd(15): used implicit default value for signal "HEX1" because signal was never assigned a value or an explicit default value. Use of implicit default value may introduce unintended design optimizations. File: /home/raphacosta/Desktop/relogio/relogio.vhd Line: 15
Warning (10541): VHDL Signal Declaration warning at relogio.vhd(15): used implicit default value for signal "HEX2" because signal was never assigned a value or an explicit default value. Use of implicit default value may introduce unintended design optimizations. File: /home/raphacosta/Desktop/relogio/relogio.vhd Line: 15
Warning (10541): VHDL Signal Declaration warning at relogio.vhd(15): used implicit default value for signal "HEX3" because signal was never assigned a value or an explicit default value. Use of implicit default value may introduce unintended design optimizations. File: /home/raphacosta/Desktop/relogio/relogio.vhd Line: 15
Warning (10541): VHDL Signal Declaration warning at relogio.vhd(15): used implicit default value for signal "HEX4" because signal was never assigned a value or an explicit default value. Use of implicit default value may introduce unintended design optimizations. File: /home/raphacosta/Desktop/relogio/relogio.vhd Line: 15
Warning (10541): VHDL Signal Declaration warning at relogio.vhd(15): used implicit default value for signal "HEX5" because signal was never assigned a value or an explicit default value. Use of implicit default value may introduce unintended design optimizations. File: /home/raphacosta/Desktop/relogio/relogio.vhd Line: 15
Warning (10541): VHDL Signal Declaration warning at relogio.vhd(15): used implicit default value for signal "HEX6" because signal was never assigned a value or an explicit default value. Use of implicit default value may introduce unintended design optimizations. File: /home/raphacosta/Desktop/relogio/relogio.vhd Line: 15
Warning (10541): VHDL Signal Declaration warning at relogio.vhd(15): used implicit default value for signal "HEX7" because signal was never assigned a value or an explicit default value. Use of implicit default value may introduce unintended design optimizations. File: /home/raphacosta/Desktop/relogio/relogio.vhd Line: 15
Warning (10540): VHDL Signal Declaration warning at relogio.vhd(21): used explicit default value for signal "Mux_sel_6_aux" because signal was never assigned a value File: /home/raphacosta/Desktop/relogio/relogio.vhd Line: 21
Warning (10540): VHDL Signal Declaration warning at relogio.vhd(22): used explicit default value for signal "Mux_sel_5_aux" because signal was never assigned a value File: /home/raphacosta/Desktop/relogio/relogio.vhd Line: 22
Warning (10540): VHDL Signal Declaration warning at relogio.vhd(23): used explicit default value for signal "funcaoULA_aux" because signal was never assigned a value File: /home/raphacosta/Desktop/relogio/relogio.vhd Line: 23
Warning (10540): VHDL Signal Declaration warning at relogio.vhd(24): used explicit default value for signal "is_ajusta_aux" because signal was never assigned a value File: /home/raphacosta/Desktop/relogio/relogio.vhd Line: 24
Warning (10540): VHDL Signal Declaration warning at relogio.vhd(25): used explicit default value for signal "auxReset" because signal was never assigned a value File: /home/raphacosta/Desktop/relogio/relogio.vhd Line: 25
Warning (10541): VHDL Signal Declaration warning at relogio.vhd(26): used implicit default value for signal "valor_ajusta_aux" because signal was never assigned a value or an explicit default value. Use of implicit default value may introduce unintended design optimizations. File: /home/raphacosta/Desktop/relogio/relogio.vhd Line: 26
Warning (10540): VHDL Signal Declaration warning at relogio.vhd(27): used explicit default value for signal "EnDH_aux" because signal was never assigned a value File: /home/raphacosta/Desktop/relogio/relogio.vhd Line: 27
Warning (10540): VHDL Signal Declaration warning at relogio.vhd(28): used explicit default value for signal "EnUH_aux" because signal was never assigned a value File: /home/raphacosta/Desktop/relogio/relogio.vhd Line: 28
Warning (10540): VHDL Signal Declaration warning at relogio.vhd(29): used explicit default value for signal "EnDM_aux" because signal was never assigned a value File: /home/raphacosta/Desktop/relogio/relogio.vhd Line: 29
Warning (10540): VHDL Signal Declaration warning at relogio.vhd(30): used explicit default value for signal "EnUM_aux" because signal was never assigned a value File: /home/raphacosta/Desktop/relogio/relogio.vhd Line: 30
Warning (10540): VHDL Signal Declaration warning at relogio.vhd(31): used explicit default value for signal "EnDS_aux" because signal was never assigned a value File: /home/raphacosta/Desktop/relogio/relogio.vhd Line: 31
Warning (10540): VHDL Signal Declaration warning at relogio.vhd(32): used explicit default value for signal "EnUS_aux" because signal was never assigned a value File: /home/raphacosta/Desktop/relogio/relogio.vhd Line: 32
Warning (10036): Verilog HDL or VHDL warning at relogio.vhd(34): object "Z_aux" assigned a value but never read File: /home/raphacosta/Desktop/relogio/relogio.vhd Line: 34
Warning (10036): Verilog HDL or VHDL warning at relogio.vhd(35): object "DH_out_aux" assigned a value but never read File: /home/raphacosta/Desktop/relogio/relogio.vhd Line: 35
Warning (10036): Verilog HDL or VHDL warning at relogio.vhd(36): object "UH_out_aux" assigned a value but never read File: /home/raphacosta/Desktop/relogio/relogio.vhd Line: 36
Warning (10036): Verilog HDL or VHDL warning at relogio.vhd(37): object "DM_out_aux" assigned a value but never read File: /home/raphacosta/Desktop/relogio/relogio.vhd Line: 37
Warning (10036): Verilog HDL or VHDL warning at relogio.vhd(38): object "UM_out_aux" assigned a value but never read File: /home/raphacosta/Desktop/relogio/relogio.vhd Line: 38
Warning (10036): Verilog HDL or VHDL warning at relogio.vhd(39): object "DS_out_aux" assigned a value but never read File: /home/raphacosta/Desktop/relogio/relogio.vhd Line: 39
Warning (10036): Verilog HDL or VHDL warning at relogio.vhd(40): object "US_out_aux" assigned a value but never read File: /home/raphacosta/Desktop/relogio/relogio.vhd Line: 40
Warning (10036): Verilog HDL or VHDL warning at relogio.vhd(41): object "overflow_aux" assigned a value but never read File: /home/raphacosta/Desktop/relogio/relogio.vhd Line: 41
Info (12129): Elaborating entity "fluxoDados" using architecture "A:simples" for hierarchy "fluxoDados:FD" File: /home/raphacosta/Desktop/relogio/relogio.vhd Line: 47
Warning (10541): VHDL Signal Declaration warning at fluxoDados.vhd(22): used implicit default value for signal "overflow" because signal was never assigned a value or an explicit default value. Use of implicit default value may introduce unintended design optimizations. File: /home/raphacosta/Desktop/relogio/fluxoDados.vhd Line: 22
Warning (10036): Verilog HDL or VHDL warning at fluxoDados.vhd(28): object "overflowLocal" assigned a value but never read File: /home/raphacosta/Desktop/relogio/fluxoDados.vhd Line: 28
Info (12128): Elaborating entity "mux_6_to_1" for hierarchy "fluxoDados:FD|mux_6_to_1:mux_6" File: /home/raphacosta/Desktop/relogio/fluxoDados.vhd Line: 36
Warning (10492): VHDL Process Statement warning at mux_6_to_1.vhd(37): signal "A" is read inside the Process Statement but isn't in the Process Statement's sensitivity list File: /home/raphacosta/Desktop/relogio/mux_6_to_1.vhd Line: 37
Warning (10492): VHDL Process Statement warning at mux_6_to_1.vhd(38): signal "B" is read inside the Process Statement but isn't in the Process Statement's sensitivity list File: /home/raphacosta/Desktop/relogio/mux_6_to_1.vhd Line: 38
Warning (10492): VHDL Process Statement warning at mux_6_to_1.vhd(39): signal "C" is read inside the Process Statement but isn't in the Process Statement's sensitivity list File: /home/raphacosta/Desktop/relogio/mux_6_to_1.vhd Line: 39
Warning (10492): VHDL Process Statement warning at mux_6_to_1.vhd(40): signal "D" is read inside the Process Statement but isn't in the Process Statement's sensitivity list File: /home/raphacosta/Desktop/relogio/mux_6_to_1.vhd Line: 40
Warning (10492): VHDL Process Statement warning at mux_6_to_1.vhd(41): signal "E" is read inside the Process Statement but isn't in the Process Statement's sensitivity list File: /home/raphacosta/Desktop/relogio/mux_6_to_1.vhd Line: 41
Warning (10492): VHDL Process Statement warning at mux_6_to_1.vhd(42): signal "F" is read inside the Process Statement but isn't in the Process Statement's sensitivity list File: /home/raphacosta/Desktop/relogio/mux_6_to_1.vhd Line: 42
Warning (10631): VHDL Process Statement warning at mux_6_to_1.vhd(34): inferring latch(es) for signal or variable "q", which holds its previous value in one or more paths through the process File: /home/raphacosta/Desktop/relogio/mux_6_to_1.vhd Line: 34
Info (10041): Inferred latch for "q[0]" at mux_6_to_1.vhd(34) File: /home/raphacosta/Desktop/relogio/mux_6_to_1.vhd Line: 34
Info (10041): Inferred latch for "q[1]" at mux_6_to_1.vhd(34) File: /home/raphacosta/Desktop/relogio/mux_6_to_1.vhd Line: 34
Info (10041): Inferred latch for "q[2]" at mux_6_to_1.vhd(34) File: /home/raphacosta/Desktop/relogio/mux_6_to_1.vhd Line: 34
Info (10041): Inferred latch for "q[3]" at mux_6_to_1.vhd(34) File: /home/raphacosta/Desktop/relogio/mux_6_to_1.vhd Line: 34
Info (12128): Elaborating entity "mux_5_to_1" for hierarchy "fluxoDados:FD|mux_5_to_1:mux_5" File: /home/raphacosta/Desktop/relogio/fluxoDados.vhd Line: 37
Warning (10492): VHDL Process Statement warning at mux_5_to_1.vhd(38): signal "A" is read inside the Process Statement but isn't in the Process Statement's sensitivity list File: /home/raphacosta/Desktop/relogio/mux_5_to_1.vhd Line: 38
Warning (10492): VHDL Process Statement warning at mux_5_to_1.vhd(39): signal "B" is read inside the Process Statement but isn't in the Process Statement's sensitivity list File: /home/raphacosta/Desktop/relogio/mux_5_to_1.vhd Line: 39
Warning (10492): VHDL Process Statement warning at mux_5_to_1.vhd(40): signal "C" is read inside the Process Statement but isn't in the Process Statement's sensitivity list File: /home/raphacosta/Desktop/relogio/mux_5_to_1.vhd Line: 40
Warning (10492): VHDL Process Statement warning at mux_5_to_1.vhd(41): signal "D" is read inside the Process Statement but isn't in the Process Statement's sensitivity list File: /home/raphacosta/Desktop/relogio/mux_5_to_1.vhd Line: 41
Warning (10492): VHDL Process Statement warning at mux_5_to_1.vhd(42): signal "E" is read inside the Process Statement but isn't in the Process Statement's sensitivity list File: /home/raphacosta/Desktop/relogio/mux_5_to_1.vhd Line: 42
Warning (10631): VHDL Process Statement warning at mux_5_to_1.vhd(35): inferring latch(es) for signal or variable "q", which holds its previous value in one or more paths through the process File: /home/raphacosta/Desktop/relogio/mux_5_to_1.vhd Line: 35
Info (10041): Inferred latch for "q[0]" at mux_5_to_1.vhd(35) File: /home/raphacosta/Desktop/relogio/mux_5_to_1.vhd Line: 35
Info (10041): Inferred latch for "q[1]" at mux_5_to_1.vhd(35) File: /home/raphacosta/Desktop/relogio/mux_5_to_1.vhd Line: 35
Info (10041): Inferred latch for "q[2]" at mux_5_to_1.vhd(35) File: /home/raphacosta/Desktop/relogio/mux_5_to_1.vhd Line: 35
Info (10041): Inferred latch for "q[3]" at mux_5_to_1.vhd(35) File: /home/raphacosta/Desktop/relogio/mux_5_to_1.vhd Line: 35
Info (12128): Elaborating entity "ULA" for hierarchy "fluxoDados:FD|ULA:ULA" File: /home/raphacosta/Desktop/relogio/fluxoDados.vhd Line: 38
Info (12128): Elaborating entity "mux_2" for hierarchy "fluxoDados:FD|mux_2:mux_2" File: /home/raphacosta/Desktop/relogio/fluxoDados.vhd Line: 39
Info (12128): Elaborating entity "registradorGenerico" for hierarchy "fluxoDados:FD|registradorGenerico:regDH" File: /home/raphacosta/Desktop/relogio/fluxoDados.vhd Line: 40
Warning (13024): Output pins are stuck at VCC or GND
    Warning (13410): Pin "LEDR[0]" is stuck at GND File: /home/raphacosta/Desktop/relogio/relogio.vhd Line: 13
    Warning (13410): Pin "LEDR[1]" is stuck at GND File: /home/raphacosta/Desktop/relogio/relogio.vhd Line: 13
    Warning (13410): Pin "LEDR[2]" is stuck at GND File: /home/raphacosta/Desktop/relogio/relogio.vhd Line: 13
    Warning (13410): Pin "LEDR[3]" is stuck at GND File: /home/raphacosta/Desktop/relogio/relogio.vhd Line: 13
    Warning (13410): Pin "LEDR[4]" is stuck at GND File: /home/raphacosta/Desktop/relogio/relogio.vhd Line: 13
    Warning (13410): Pin "LEDR[5]" is stuck at GND File: /home/raphacosta/Desktop/relogio/relogio.vhd Line: 13
    Warning (13410): Pin "LEDR[6]" is stuck at GND File: /home/raphacosta/Desktop/relogio/relogio.vhd Line: 13
    Warning (13410): Pin "LEDR[7]" is stuck at GND File: /home/raphacosta/Desktop/relogio/relogio.vhd Line: 13
    Warning (13410): Pin "LEDR[8]" is stuck at GND File: /home/raphacosta/Desktop/relogio/relogio.vhd Line: 13
    Warning (13410): Pin "LEDR[9]" is stuck at GND File: /home/raphacosta/Desktop/relogio/relogio.vhd Line: 13
    Warning (13410): Pin "LEDR[10]" is stuck at GND File: /home/raphacosta/Desktop/relogio/relogio.vhd Line: 13
    Warning (13410): Pin "LEDR[11]" is stuck at GND File: /home/raphacosta/Desktop/relogio/relogio.vhd Line: 13
    Warning (13410): Pin "LEDR[12]" is stuck at GND File: /home/raphacosta/Desktop/relogio/relogio.vhd Line: 13
    Warning (13410): Pin "LEDR[13]" is stuck at GND File: /home/raphacosta/Desktop/relogio/relogio.vhd Line: 13
    Warning (13410): Pin "LEDR[14]" is stuck at GND File: /home/raphacosta/Desktop/relogio/relogio.vhd Line: 13
    Warning (13410): Pin "LEDR[15]" is stuck at GND File: /home/raphacosta/Desktop/relogio/relogio.vhd Line: 13
    Warning (13410): Pin "LEDR[16]" is stuck at GND File: /home/raphacosta/Desktop/relogio/relogio.vhd Line: 13
    Warning (13410): Pin "LEDR[17]" is stuck at GND File: /home/raphacosta/Desktop/relogio/relogio.vhd Line: 13
    Warning (13410): Pin "LEDG[0]" is stuck at GND File: /home/raphacosta/Desktop/relogio/relogio.vhd Line: 14
    Warning (13410): Pin "LEDG[1]" is stuck at GND File: /home/raphacosta/Desktop/relogio/relogio.vhd Line: 14
    Warning (13410): Pin "LEDG[2]" is stuck at GND File: /home/raphacosta/Desktop/relogio/relogio.vhd Line: 14
    Warning (13410): Pin "LEDG[3]" is stuck at GND File: /home/raphacosta/Desktop/relogio/relogio.vhd Line: 14
    Warning (13410): Pin "LEDG[4]" is stuck at GND File: /home/raphacosta/Desktop/relogio/relogio.vhd Line: 14
    Warning (13410): Pin "LEDG[5]" is stuck at GND File: /home/raphacosta/Desktop/relogio/relogio.vhd Line: 14
    Warning (13410): Pin "LEDG[6]" is stuck at GND File: /home/raphacosta/Desktop/relogio/relogio.vhd Line: 14
    Warning (13410): Pin "LEDG[7]" is stuck at GND File: /home/raphacosta/Desktop/relogio/relogio.vhd Line: 14
    Warning (13410): Pin "LEDG[8]" is stuck at GND File: /home/raphacosta/Desktop/relogio/relogio.vhd Line: 14
    Warning (13410): Pin "HEX0[0]" is stuck at GND File: /home/raphacosta/Desktop/relogio/relogio.vhd Line: 15
    Warning (13410): Pin "HEX0[1]" is stuck at GND File: /home/raphacosta/Desktop/relogio/relogio.vhd Line: 15
    Warning (13410): Pin "HEX0[2]" is stuck at GND File: /home/raphacosta/Desktop/relogio/relogio.vhd Line: 15
    Warning (13410): Pin "HEX0[3]" is stuck at GND File: /home/raphacosta/Desktop/relogio/relogio.vhd Line: 15
    Warning (13410): Pin "HEX0[4]" is stuck at GND File: /home/raphacosta/Desktop/relogio/relogio.vhd Line: 15
    Warning (13410): Pin "HEX0[5]" is stuck at GND File: /home/raphacosta/Desktop/relogio/relogio.vhd Line: 15
    Warning (13410): Pin "HEX0[6]" is stuck at GND File: /home/raphacosta/Desktop/relogio/relogio.vhd Line: 15
    Warning (13410): Pin "HEX1[0]" is stuck at GND File: /home/raphacosta/Desktop/relogio/relogio.vhd Line: 15
    Warning (13410): Pin "HEX1[1]" is stuck at GND File: /home/raphacosta/Desktop/relogio/relogio.vhd Line: 15
    Warning (13410): Pin "HEX1[2]" is stuck at GND File: /home/raphacosta/Desktop/relogio/relogio.vhd Line: 15
    Warning (13410): Pin "HEX1[3]" is stuck at GND File: /home/raphacosta/Desktop/relogio/relogio.vhd Line: 15
    Warning (13410): Pin "HEX1[4]" is stuck at GND File: /home/raphacosta/Desktop/relogio/relogio.vhd Line: 15
    Warning (13410): Pin "HEX1[5]" is stuck at GND File: /home/raphacosta/Desktop/relogio/relogio.vhd Line: 15
    Warning (13410): Pin "HEX1[6]" is stuck at GND File: /home/raphacosta/Desktop/relogio/relogio.vhd Line: 15
    Warning (13410): Pin "HEX2[0]" is stuck at GND File: /home/raphacosta/Desktop/relogio/relogio.vhd Line: 15
    Warning (13410): Pin "HEX2[1]" is stuck at GND File: /home/raphacosta/Desktop/relogio/relogio.vhd Line: 15
    Warning (13410): Pin "HEX2[2]" is stuck at GND File: /home/raphacosta/Desktop/relogio/relogio.vhd Line: 15
    Warning (13410): Pin "HEX2[3]" is stuck at GND File: /home/raphacosta/Desktop/relogio/relogio.vhd Line: 15
    Warning (13410): Pin "HEX2[4]" is stuck at GND File: /home/raphacosta/Desktop/relogio/relogio.vhd Line: 15
    Warning (13410): Pin "HEX2[5]" is stuck at GND File: /home/raphacosta/Desktop/relogio/relogio.vhd Line: 15
    Warning (13410): Pin "HEX2[6]" is stuck at GND File: /home/raphacosta/Desktop/relogio/relogio.vhd Line: 15
    Warning (13410): Pin "HEX3[0]" is stuck at GND File: /home/raphacosta/Desktop/relogio/relogio.vhd Line: 15
    Warning (13410): Pin "HEX3[1]" is stuck at GND File: /home/raphacosta/Desktop/relogio/relogio.vhd Line: 15
    Warning (13410): Pin "HEX3[2]" is stuck at GND File: /home/raphacosta/Desktop/relogio/relogio.vhd Line: 15
    Warning (13410): Pin "HEX3[3]" is stuck at GND File: /home/raphacosta/Desktop/relogio/relogio.vhd Line: 15
    Warning (13410): Pin "HEX3[4]" is stuck at GND File: /home/raphacosta/Desktop/relogio/relogio.vhd Line: 15
    Warning (13410): Pin "HEX3[5]" is stuck at GND File: /home/raphacosta/Desktop/relogio/relogio.vhd Line: 15
    Warning (13410): Pin "HEX3[6]" is stuck at GND File: /home/raphacosta/Desktop/relogio/relogio.vhd Line: 15
    Warning (13410): Pin "HEX4[0]" is stuck at GND File: /home/raphacosta/Desktop/relogio/relogio.vhd Line: 15
    Warning (13410): Pin "HEX4[1]" is stuck at GND File: /home/raphacosta/Desktop/relogio/relogio.vhd Line: 15
    Warning (13410): Pin "HEX4[2]" is stuck at GND File: /home/raphacosta/Desktop/relogio/relogio.vhd Line: 15
    Warning (13410): Pin "HEX4[3]" is stuck at GND File: /home/raphacosta/Desktop/relogio/relogio.vhd Line: 15
    Warning (13410): Pin "HEX4[4]" is stuck at GND File: /home/raphacosta/Desktop/relogio/relogio.vhd Line: 15
    Warning (13410): Pin "HEX4[5]" is stuck at GND File: /home/raphacosta/Desktop/relogio/relogio.vhd Line: 15
    Warning (13410): Pin "HEX4[6]" is stuck at GND File: /home/raphacosta/Desktop/relogio/relogio.vhd Line: 15
    Warning (13410): Pin "HEX5[0]" is stuck at GND File: /home/raphacosta/Desktop/relogio/relogio.vhd Line: 15
    Warning (13410): Pin "HEX5[1]" is stuck at GND File: /home/raphacosta/Desktop/relogio/relogio.vhd Line: 15
    Warning (13410): Pin "HEX5[2]" is stuck at GND File: /home/raphacosta/Desktop/relogio/relogio.vhd Line: 15
    Warning (13410): Pin "HEX5[3]" is stuck at GND File: /home/raphacosta/Desktop/relogio/relogio.vhd Line: 15
    Warning (13410): Pin "HEX5[4]" is stuck at GND File: /home/raphacosta/Desktop/relogio/relogio.vhd Line: 15
    Warning (13410): Pin "HEX5[5]" is stuck at GND File: /home/raphacosta/Desktop/relogio/relogio.vhd Line: 15
    Warning (13410): Pin "HEX5[6]" is stuck at GND File: /home/raphacosta/Desktop/relogio/relogio.vhd Line: 15
    Warning (13410): Pin "HEX6[0]" is stuck at GND File: /home/raphacosta/Desktop/relogio/relogio.vhd Line: 15
    Warning (13410): Pin "HEX6[1]" is stuck at GND File: /home/raphacosta/Desktop/relogio/relogio.vhd Line: 15
    Warning (13410): Pin "HEX6[2]" is stuck at GND File: /home/raphacosta/Desktop/relogio/relogio.vhd Line: 15
    Warning (13410): Pin "HEX6[3]" is stuck at GND File: /home/raphacosta/Desktop/relogio/relogio.vhd Line: 15
    Warning (13410): Pin "HEX6[4]" is stuck at GND File: /home/raphacosta/Desktop/relogio/relogio.vhd Line: 15
    Warning (13410): Pin "HEX6[5]" is stuck at GND File: /home/raphacosta/Desktop/relogio/relogio.vhd Line: 15
    Warning (13410): Pin "HEX6[6]" is stuck at GND File: /home/raphacosta/Desktop/relogio/relogio.vhd Line: 15
    Warning (13410): Pin "HEX7[0]" is stuck at GND File: /home/raphacosta/Desktop/relogio/relogio.vhd Line: 15
    Warning (13410): Pin "HEX7[1]" is stuck at GND File: /home/raphacosta/Desktop/relogio/relogio.vhd Line: 15
    Warning (13410): Pin "HEX7[2]" is stuck at GND File: /home/raphacosta/Desktop/relogio/relogio.vhd Line: 15
    Warning (13410): Pin "HEX7[3]" is stuck at GND File: /home/raphacosta/Desktop/relogio/relogio.vhd Line: 15
    Warning (13410): Pin "HEX7[4]" is stuck at GND File: /home/raphacosta/Desktop/relogio/relogio.vhd Line: 15
    Warning (13410): Pin "HEX7[5]" is stuck at GND File: /home/raphacosta/Desktop/relogio/relogio.vhd Line: 15
    Warning (13410): Pin "HEX7[6]" is stuck at GND File: /home/raphacosta/Desktop/relogio/relogio.vhd Line: 15
Info (16010): Generating hard_block partition "hard_block:auto_generated_inst"
    Info (16011): Adding 0 node(s), including 0 DDIO, 0 PLL, 0 transceiver and 0 LCELL
Warning (21074): Design contains 23 input pin(s) that do not drive logic
    Warning (15610): No output dependent on input pin "CLOCK_50" File: /home/raphacosta/Desktop/relogio/relogio.vhd Line: 8
    Warning (15610): No output dependent on input pin "KEY[0]" File: /home/raphacosta/Desktop/relogio/relogio.vhd Line: 9
    Warning (15610): No output dependent on input pin "KEY[1]" File: /home/raphacosta/Desktop/relogio/relogio.vhd Line: 9
    Warning (15610): No output dependent on input pin "KEY[2]" File: /home/raphacosta/Desktop/relogio/relogio.vhd Line: 9
    Warning (15610): No output dependent on input pin "KEY[3]" File: /home/raphacosta/Desktop/relogio/relogio.vhd Line: 9
    Warning (15610): No output dependent on input pin "SW[0]" File: /home/raphacosta/Desktop/relogio/relogio.vhd Line: 10
    Warning (15610): No output dependent on input pin "SW[1]" File: /home/raphacosta/Desktop/relogio/relogio.vhd Line: 10
    Warning (15610): No output dependent on input pin "SW[2]" File: /home/raphacosta/Desktop/relogio/relogio.vhd Line: 10
    Warning (15610): No output dependent on input pin "SW[3]" File: /home/raphacosta/Desktop/relogio/relogio.vhd Line: 10
    Warning (15610): No output dependent on input pin "SW[4]" File: /home/raphacosta/Desktop/relogio/relogio.vhd Line: 10
    Warning (15610): No output dependent on input pin "SW[5]" File: /home/raphacosta/Desktop/relogio/relogio.vhd Line: 10
    Warning (15610): No output dependent on input pin "SW[6]" File: /home/raphacosta/Desktop/relogio/relogio.vhd Line: 10
    Warning (15610): No output dependent on input pin "SW[7]" File: /home/raphacosta/Desktop/relogio/relogio.vhd Line: 10
    Warning (15610): No output dependent on input pin "SW[8]" File: /home/raphacosta/Desktop/relogio/relogio.vhd Line: 10
    Warning (15610): No output dependent on input pin "SW[9]" File: /home/raphacosta/Desktop/relogio/relogio.vhd Line: 10
    Warning (15610): No output dependent on input pin "SW[10]" File: /home/raphacosta/Desktop/relogio/relogio.vhd Line: 10
    Warning (15610): No output dependent on input pin "SW[11]" File: /home/raphacosta/Desktop/relogio/relogio.vhd Line: 10
    Warning (15610): No output dependent on input pin "SW[12]" File: /home/raphacosta/Desktop/relogio/relogio.vhd Line: 10
    Warning (15610): No output dependent on input pin "SW[13]" File: /home/raphacosta/Desktop/relogio/relogio.vhd Line: 10
    Warning (15610): No output dependent on input pin "SW[14]" File: /home/raphacosta/Desktop/relogio/relogio.vhd Line: 10
    Warning (15610): No output dependent on input pin "SW[15]" File: /home/raphacosta/Desktop/relogio/relogio.vhd Line: 10
    Warning (15610): No output dependent on input pin "SW[16]" File: /home/raphacosta/Desktop/relogio/relogio.vhd Line: 10
    Warning (15610): No output dependent on input pin "SW[17]" File: /home/raphacosta/Desktop/relogio/relogio.vhd Line: 10
Info (21057): Implemented 106 device resources after synthesis - the final resource count might be different
    Info (21058): Implemented 23 input pins
    Info (21059): Implemented 83 output pins
Info: Quartus Prime Analysis & Synthesis was successful. 0 errors, 154 warnings
    Info: Peak virtual memory: 1250 megabytes
    Info: Processing ended: Thu Sep 20 15:46:50 2018
    Info: Elapsed time: 00:00:11
    Info: Total CPU time (on all processors): 00:00:21


